2015-07-15 10:52:17,745 [Worker-10] INFO  o.e.m.c.i.e.AbstractTransferListenerAdapter - Downloaded https://repo.maven.apache.org/maven2/android/support/android-support/v13/android-support-v13.pom
2015-07-15 10:52:17,751 [Worker-10] WARN  o.e.m.c.i.embedder.EclipseLogger - The POM for android.support:android-support:jar:v13 is missing, no dependency information available
2015-07-15 10:52:17,759 [Worker-10] WARN  o.e.m.c.i.embedder.EclipseLogger - The POM for com.sqlcipher.encryption:sqlcipher:jar:2.2 is missing, no dependency information available
2015-07-15 10:52:17,760 [Worker-10] WARN  o.e.m.c.i.embedder.EclipseLogger - The POM for com.sqlcipher.encryption:guava:jar:r09 is missing, no dependency information available
2015-07-15 10:52:19,019 [Worker-10] INFO  o.e.m.c.i.e.AbstractTransferListenerAdapter - Downloading https://repo.maven.apache.org/maven2/com/google/android/android/4.1.1.4/android-4.1.1.4.pom
2015-07-15 10:52:19,314 [Worker-10] INFO  o.e.m.c.i.e.AbstractTransferListenerAdapter - Downloaded https://repo.maven.apache.org/maven2/com/google/android/android/4.1.1.4/android-4.1.1.4.pom
2015-07-15 10:52:19,627 [Worker-10] INFO  o.e.m.c.i.e.AbstractTransferListenerAdapter - Downloading https://repo.maven.apache.org/maven2/org/apache/httpcomponents/httpclient/4.0.1/httpclient-4.0.1.pom
2015-07-15 10:52:19,969 [Worker-10] INFO  o.e.m.c.i.e.AbstractTransferListenerAdapter - Downloaded https://repo.maven.apache.org/maven2/org/apache/httpcomponents/httpclient/4.0.1/httpclient-4.0.1.pom
2015-07-15 10:52:20,259 [Worker-10] INFO  o.e.m.c.i.e.AbstractTransferListenerAdapter - Downloading https://repo.maven.apache.org/maven2/org/apache/httpcomponents/httpcomponents-client/4.0.1/httpcomponents-client-4.0.1.pom
2015-07-15 10:52:20,556 [Worker-10] INFO  o.e.m.c.i.e.AbstractTransferListenerAdapter - Downloaded https://repo.maven.apache.org/maven2/org/apache/httpcomponents/httpcomponents-client/4.0.1/httpcomponents-client-4.0.1.pom
2015-07-15 10:52:20,867 [Worker-10] INFO  o.e.m.c.i.e.AbstractTransferListenerAdapter - Downloading https://repo.maven.apache.org/maven2/org/khronos/opengl-api/gl1.1-android-2.1_r1/opengl-api-gl1.1-android-2.1_r1.pom
2015-07-15 10:52:21,174 [Worker-10] INFO  o.e.m.c.i.e.AbstractTransferListenerAdapter - Downloaded https://repo.maven.apache.org/maven2/org/khronos/opengl-api/gl1.1-android-2.1_r1/opengl-api-gl1.1-android-2.1_r1.pom
2015-07-15 10:52:21,476 [Worker-10] INFO  o.e.m.c.i.e.AbstractTransferListenerAdapter - Downloading https://repo.maven.apache.org/maven2/xerces/xmlParserAPIs/2.6.2/xmlParserAPIs-2.6.2.pom
2015-07-15 10:52:21,778 [Worker-10] INFO  o.e.m.c.i.e.AbstractTransferListenerAdapter - Downloaded https://repo.maven.apache.org/maven2/xerces/xmlParserAPIs/2.6.2/xmlParserAPIs-2.6.2.pom
2015-07-15 10:52:22,155 [Worker-10] INFO  o.e.m.c.i.e.AbstractTransferListenerAdapter - Downloading https://repo.maven.apache.org/maven2/xpp3/xpp3/1.1.4c/xpp3-1.1.4c.pom
2015-07-15 10:52:22,476 [Worker-10] INFO  o.e.m.c.i.e.AbstractTransferListenerAdapter - Downloaded https://repo.maven.apache.org/maven2/xpp3/xpp3/1.1.4c/xpp3-1.1.4c.pom
2015-07-15 10:52:22,498 [Worker-10] WARN  o.e.m.c.i.embedder.EclipseLogger - The POM for com.adobe.blazeds:blazeds-android:jar:3.2.0.3978 is missing, no dependency information available
2015-07-15 10:52:22,500 [Worker-10] WARN  o.e.m.c.i.embedder.EclipseLogger - The POM for com.google.code:droidtext:jar:nocert:0.2 is missing, no dependency information available
2015-07-15 10:52:22,508 [Worker-10] WARN  o.e.m.c.i.embedder.EclipseLogger - The POM for com.intuit.mobile.png:png-android-sdk:jar:1.1.0.3 is missing, no dependency information available
2015-07-15 10:52:22,510 [Worker-10] WARN  o.e.m.c.i.embedder.EclipseLogger - The POM for com.intuit.mobile.crashreport:acra:jar:4.4.0-1.0.0 is missing, no dependency information available
2015-07-15 10:52:22,512 [Worker-10] WARN  o.e.m.c.i.embedder.EclipseLogger - The POM for com.intuit.spc:authorization:jar:1.0 is missing, no dependency information available
2015-07-15 10:52:22,520 [Worker-10] WARN  o.e.m.c.i.embedder.EclipseLogger - The POM for analytics:intuitanalyticssdk:jar:2.0.0.2 is missing, no dependency information available
2015-07-15 10:52:22,521 [Worker-10] WARN  o.e.m.c.i.embedder.EclipseLogger - The POM for analytics:deviceidentityclient:jar:1.0.0.4 is missing, no dependency information available
2015-07-16 14:37:00,340 [Worker-363] INFO  o.e.m.c.i.e.AbstractTransferListenerAdapter - Downloading https://repo.maven.apache.org/maven2/org/apache/maven/plugins/maven-compiler-plugin/3.0/maven-compiler-plugin-3.0.jar
2015-07-16 14:37:00,985 [Worker-363] INFO  o.e.m.c.i.e.AbstractTransferListenerAdapter - Downloaded https://repo.maven.apache.org/maven2/org/apache/maven/plugins/maven-compiler-plugin/3.0/maven-compiler-plugin-3.0.jar
2015-07-16 14:37:01,371 [Worker-363] INFO  o.e.m.c.i.e.AbstractTransferListenerAdapter - Downloading https://repo.maven.apache.org/maven2/org/apache/maven/plugins/maven-surefire-plugin/2.18/maven-surefire-plugin-2.18.jar
2015-07-16 14:37:03,896 [Worker-363] INFO  o.e.m.c.i.e.AbstractTransferListenerAdapter - Downloaded https://repo.maven.apache.org/maven2/org/apache/maven/plugins/maven-surefire-plugin/2.18/maven-surefire-plugin-2.18.jar
2015-07-16 14:37:04,728 [Worker-363] INFO  o.e.m.c.i.e.AbstractTransferListenerAdapter - Downloading https://repo.maven.apache.org/maven2/org/apache/maven/plugins/maven-compiler-plugin/3.0/maven-compiler-plugin-3.0.pom
2015-07-16 14:37:05,150 [Worker-363] INFO  o.e.m.c.i.e.AbstractTransferListenerAdapter - Downloaded https://repo.maven.apache.org/maven2/org/apache/maven/plugins/maven-compiler-plugin/3.0/maven-compiler-plugin-3.0.pom
2015-07-16 14:37:05,695 [Worker-363] INFO  o.e.m.c.i.e.AbstractTransferListenerAdapter - Downloading https://repo.maven.apache.org/maven2/org/apache/maven/shared/maven-shared-incremental/1.0/maven-shared-incremental-1.0.pom
2015-07-16 14:37:06,090 [Worker-363] INFO  o.e.m.c.i.e.AbstractTransferListenerAdapter - Downloaded https://repo.maven.apache.org/maven2/org/apache/maven/shared/maven-shared-incremental/1.0/maven-shared-incremental-1.0.pom
2015-07-16 14:37:06,605 [Worker-363] INFO  o.e.m.c.i.e.AbstractTransferListenerAdapter - Downloading https://repo.maven.apache.org/maven2/org/codehaus/plexus/plexus-compiler-api/2.0/plexus-compiler-api-2.0.pom
2015-07-16 14:37:07,030 [Worker-363] INFO  o.e.m.c.i.e.AbstractTransferListenerAdapter - Downloaded https://repo.maven.apache.org/maven2/org/codehaus/plexus/plexus-compiler-api/2.0/plexus-compiler-api-2.0.pom
2015-07-16 14:37:07,442 [Worker-363] INFO  o.e.m.c.i.e.AbstractTransferListenerAdapter - Downloading https://repo.maven.apache.org/maven2/org/codehaus/plexus/plexus-compiler/2.0/plexus-compiler-2.0.pom
2015-07-16 14:37:07,859 [Worker-363] INFO  o.e.m.c.i.e.AbstractTransferListenerAdapter - Downloaded https://repo.maven.apache.org/maven2/org/codehaus/plexus/plexus-compiler/2.0/plexus-compiler-2.0.pom
2015-07-16 14:37:08,277 [Worker-363] INFO  o.e.m.c.i.e.AbstractTransferListenerAdapter - Downloading https://repo.maven.apache.org/maven2/org/codehaus/plexus/plexus-compiler-manager/2.0/plexus-compiler-manager-2.0.pom
2015-07-16 14:37:08,702 [Worker-363] INFO  o.e.m.c.i.e.AbstractTransferListenerAdapter - Downloaded https://repo.maven.apache.org/maven2/org/codehaus/plexus/plexus-compiler-manager/2.0/plexus-compiler-manager-2.0.pom
2015-07-16 14:37:09,113 [Worker-363] INFO  o.e.m.c.i.e.AbstractTransferListenerAdapter - Downloading https://repo.maven.apache.org/maven2/org/codehaus/plexus/plexus-compiler-javac/2.0/plexus-compiler-javac-2.0.pom
2015-07-16 14:37:09,442 [Worker-363] INFO  o.e.m.c.i.e.AbstractTransferListenerAdapter - Downloaded https://repo.maven.apache.org/maven2/org/codehaus/plexus/plexus-compiler-javac/2.0/plexus-compiler-javac-2.0.pom
2015-07-16 14:37:09,844 [Worker-363] INFO  o.e.m.c.i.e.AbstractTransferListenerAdapter - Downloading https://repo.maven.apache.org/maven2/org/codehaus/plexus/plexus-compilers/2.0/plexus-compilers-2.0.pom
2015-07-16 14:37:10,262 [Worker-363] INFO  o.e.m.c.i.e.AbstractTransferListenerAdapter - Downloaded https://repo.maven.apache.org/maven2/org/codehaus/plexus/plexus-compilers/2.0/plexus-compilers-2.0.pom
2015-07-16 14:37:10,985 [Worker-363] INFO  o.e.m.c.i.e.AbstractTransferListenerAdapter - Downloading https://repo.maven.apache.org/maven2/org/apache/maven/shared/maven-shared-incremental/1.0/maven-shared-incremental-1.0.jar
2015-07-16 14:37:11,307 [Worker-363] INFO  o.e.m.c.i.e.AbstractTransferListenerAdapter - Downloaded https://repo.maven.apache.org/maven2/org/apache/maven/shared/maven-shared-incremental/1.0/maven-shared-incremental-1.0.jar
2015-07-16 14:37:12,249 [Worker-363] INFO  o.e.m.c.i.e.AbstractTransferListenerAdapter - Downloading https://repo.maven.apache.org/maven2/org/codehaus/plexus/plexus-compiler-api/2.0/plexus-compiler-api-2.0.jar
2015-07-16 14:37:12,670 [Worker-363] INFO  o.e.m.c.i.e.AbstractTransferListenerAdapter - Downloaded https://repo.maven.apache.org/maven2/org/codehaus/plexus/plexus-compiler-api/2.0/plexus-compiler-api-2.0.jar
2015-07-16 14:37:13,082 [Worker-363] INFO  o.e.m.c.i.e.AbstractTransferListenerAdapter - Downloading https://repo.maven.apache.org/maven2/org/codehaus/plexus/plexus-compiler-manager/2.0/plexus-compiler-manager-2.0.jar
2015-07-16 14:37:13,507 [Worker-363] INFO  o.e.m.c.i.e.AbstractTransferListenerAdapter - Downloaded https://repo.maven.apache.org/maven2/org/codehaus/plexus/plexus-compiler-manager/2.0/plexus-compiler-manager-2.0.jar
2015-07-16 14:37:14,335 [Worker-363] INFO  o.e.m.c.i.e.AbstractTransferListenerAdapter - Downloading https://repo.maven.apache.org/maven2/org/codehaus/plexus/plexus-compiler-javac/2.0/plexus-compiler-javac-2.0.jar
2015-07-16 14:37:14,851 [Worker-363] INFO  o.e.m.c.i.e.AbstractTransferListenerAdapter - Downloaded https://repo.maven.apache.org/maven2/org/codehaus/plexus/plexus-compiler-javac/2.0/plexus-compiler-javac-2.0.jar
2015-07-16 14:37:15,026 [Worker-363] INFO  o.e.m.c.i.l.LifecycleMappingFactory - Using org.eclipse.m2e.jdt.JarLifecycleMapping lifecycle mapping for MavenProject: com.intuit.team.tests:HelloWeb-tests:0.0.1-SNAPSHOT @ /Users/mponnusamy/martini-cli/HelloWeb/pom.xml.
2015-07-16 14:37:16,323 [DefaultMetadataResolver-0-0] INFO  o.e.m.c.i.e.AbstractTransferListenerAdapter - Downloading http://ctg-cache-repo.corp.intuit.net/nexus/content/groups/public/com/intuit/tools/CommonTestBase/2.1.1-SNAPSHOT/maven-metadata.xml
2015-07-16 14:37:16,550 [DefaultMetadataResolver-0-1] INFO  o.e.m.c.i.e.AbstractTransferListenerAdapter - Downloaded http://repository-saucelabs.forge.cloudbees.com/release/com/intuit/tools/CommonTestBase/2.1.1-SNAPSHOT/maven-metadata.xml
2015-07-16 14:37:16,595 [DefaultMetadataResolver-0-0] INFO  o.e.m.c.i.e.AbstractTransferListenerAdapter - Downloaded http://ctg-cache-repo.corp.intuit.net/nexus/content/groups/public/com/intuit/tools/CommonTestBase/2.1.1-SNAPSHOT/maven-metadata.xml
2015-07-16 14:37:16,890 [Worker-363] INFO  o.e.m.c.i.e.AbstractTransferListenerAdapter - Downloading http://ctg-cache-repo.corp.intuit.net/nexus/content/groups/public/com/intuit/tools/CommonTestBase/2.1.1-SNAPSHOT/CommonTestBase-2.1.1-20150715.113741-170.pom
2015-07-16 14:37:17,162 [Worker-363] INFO  o.e.m.c.i.e.AbstractTransferListenerAdapter - Downloaded http://ctg-cache-repo.corp.intuit.net/nexus/content/groups/public/com/intuit/tools/CommonTestBase/2.1.1-SNAPSHOT/CommonTestBase-2.1.1-20150715.113741-170.pom
2015-07-16 14:37:17,614 [DefaultMetadataResolver-1-0] INFO  o.e.m.c.i.e.AbstractTransferListenerAdapter - Downloading http://ctg-cache-repo.corp.intuit.net/nexus/content/groups/public/com/intuit/tools/IntuitCommonTestLibrary/2.1.1-SNAPSHOT/maven-metadata.xml
2015-07-16 14:37:17,824 [DefaultMetadataResolver-1-1] INFO  o.e.m.c.i.e.AbstractTransferListenerAdapter - Downloaded http://repository-saucelabs.forge.cloudbees.com/release/com/intuit/tools/IntuitCommonTestLibrary/2.1.1-SNAPSHOT/maven-metadata.xml
2015-07-16 14:37:17,886 [DefaultMetadataResolver-1-0] INFO  o.e.m.c.i.e.AbstractTransferListenerAdapter - Downloaded http://ctg-cache-repo.corp.intuit.net/nexus/content/groups/public/com/intuit/tools/IntuitCommonTestLibrary/2.1.1-SNAPSHOT/maven-metadata.xml
2015-07-16 14:37:18,200 [Worker-363] INFO  o.e.m.c.i.e.AbstractTransferListenerAdapter - Downloading http://ctg-cache-repo.corp.intuit.net/nexus/content/groups/public/com/intuit/tools/IntuitCommonTestLibrary/2.1.1-SNAPSHOT/IntuitCommonTestLibrary-2.1.1-20150715.113716-173.pom
2015-07-16 14:37:18,520 [Worker-363] INFO  o.e.m.c.i.e.AbstractTransferListenerAdapter - Downloaded http://ctg-cache-repo.corp.intuit.net/nexus/content/groups/public/com/intuit/tools/IntuitCommonTestLibrary/2.1.1-SNAPSHOT/IntuitCommonTestLibrary-2.1.1-20150715.113716-173.pom
2015-07-16 14:37:18,967 [DefaultMetadataResolver-2-0] INFO  o.e.m.c.i.e.AbstractTransferListenerAdapter - Downloading http://ctg-cache-repo.corp.intuit.net/nexus/content/groups/public/com/intuit/tools/CommonUtils/2.1.1-SNAPSHOT/maven-metadata.xml
2015-07-16 14:37:19,244 [DefaultMetadataResolver-2-1] INFO  o.e.m.c.i.e.AbstractTransferListenerAdapter - Downloaded http://repository-saucelabs.forge.cloudbees.com/release/com/intuit/tools/CommonUtils/2.1.1-SNAPSHOT/maven-metadata.xml
2015-07-16 14:37:19,246 [DefaultMetadataResolver-2-0] INFO  o.e.m.c.i.e.AbstractTransferListenerAdapter - Downloaded http://ctg-cache-repo.corp.intuit.net/nexus/content/groups/public/com/intuit/tools/CommonUtils/2.1.1-SNAPSHOT/maven-metadata.xml
2015-07-16 14:37:19,768 [Worker-363] INFO  o.e.m.c.i.e.AbstractTransferListenerAdapter - Downloading http://ctg-cache-repo.corp.intuit.net/nexus/content/groups/public/com/intuit/tools/CommonUtils/2.1.1-SNAPSHOT/CommonUtils-2.1.1-20150709.113729-166.pom
2015-07-16 14:37:20,081 [Worker-363] INFO  o.e.m.c.i.e.AbstractTransferListenerAdapter - Downloaded http://ctg-cache-repo.corp.intuit.net/nexus/content/groups/public/com/intuit/tools/CommonUtils/2.1.1-SNAPSHOT/CommonUtils-2.1.1-20150709.113729-166.pom
2015-07-16 14:37:20,602 [Worker-363] INFO  o.e.m.c.i.e.AbstractTransferListenerAdapter - Downloading http://ctg-cache-repo.corp.intuit.net/nexus/content/groups/public/org/seleniumhq/selenium/selenium-java/2.45.0/selenium-java-2.45.0.pom
2015-07-16 14:37:20,916 [Worker-363] INFO  o.e.m.c.i.e.AbstractTransferListenerAdapter - Downloaded http://ctg-cache-repo.corp.intuit.net/nexus/content/groups/public/org/seleniumhq/selenium/selenium-java/2.45.0/selenium-java-2.45.0.pom
2015-07-16 14:37:21,336 [Worker-363] INFO  o.e.m.c.i.e.AbstractTransferListenerAdapter - Downloading http://ctg-cache-repo.corp.intuit.net/nexus/content/groups/public/org/seleniumhq/selenium/selenium-parent/2.45.0/selenium-parent-2.45.0.pom
2015-07-16 14:37:21,649 [Worker-363] INFO  o.e.m.c.i.e.AbstractTransferListenerAdapter - Downloaded http://ctg-cache-repo.corp.intuit.net/nexus/content/groups/public/org/seleniumhq/selenium/selenium-parent/2.45.0/selenium-parent-2.45.0.pom
2015-07-16 14:37:22,019 [Worker-363] INFO  o.e.m.c.i.e.AbstractTransferListenerAdapter - Downloading http://ctg-cache-repo.corp.intuit.net/nexus/content/groups/public/org/seleniumhq/selenium/selenium-chrome-driver/2.45.0/selenium-chrome-driver-2.45.0.pom
2015-07-16 14:37:22,386 [Worker-363] INFO  o.e.m.c.i.e.AbstractTransferListenerAdapter - Downloaded http://ctg-cache-repo.corp.intuit.net/nexus/content/groups/public/org/seleniumhq/selenium/selenium-chrome-driver/2.45.0/selenium-chrome-driver-2.45.0.pom
2015-07-16 14:37:22,796 [Worker-363] INFO  o.e.m.c.i.e.AbstractTransferListenerAdapter - Downloading http://ctg-cache-repo.corp.intuit.net/nexus/content/groups/public/org/seleniumhq/selenium/selenium-remote-driver/2.45.0/selenium-remote-driver-2.45.0.pom
2015-07-16 14:37:23,066 [Worker-363] INFO  o.e.m.c.i.e.AbstractTransferListenerAdapter - Downloaded http://ctg-cache-repo.corp.intuit.net/nexus/content/groups/public/org/seleniumhq/selenium/selenium-remote-driver/2.45.0/selenium-remote-driver-2.45.0.pom
2015-07-16 14:37:23,376 [Worker-363] INFO  o.e.m.c.i.e.AbstractTransferListenerAdapter - Downloading http://ctg-cache-repo.corp.intuit.net/nexus/content/groups/public/org/seleniumhq/selenium/selenium-api/2.45.0/selenium-api-2.45.0.pom
2015-07-16 14:37:23,745 [Worker-363] INFO  o.e.m.c.i.e.AbstractTransferListenerAdapter - Downloaded http://ctg-cache-repo.corp.intuit.net/nexus/content/groups/public/org/seleniumhq/selenium/selenium-api/2.45.0/selenium-api-2.45.0.pom
2015-07-16 14:37:24,155 [Worker-363] INFO  o.e.m.c.i.e.AbstractTransferListenerAdapter - Downloading http://ctg-cache-repo.corp.intuit.net/nexus/content/groups/public/org/apache/httpcomponents/httpclient/4.3.6/httpclient-4.3.6.pom
2015-07-16 14:37:24,428 [Worker-363] INFO  o.e.m.c.i.e.AbstractTransferListenerAdapter - Downloaded http://ctg-cache-repo.corp.intuit.net/nexus/content/groups/public/org/apache/httpcomponents/httpclient/4.3.6/httpclient-4.3.6.pom
2015-07-16 14:37:24,783 [Worker-363] INFO  o.e.m.c.i.e.AbstractTransferListenerAdapter - Downloading http://ctg-cache-repo.corp.intuit.net/nexus/content/groups/public/org/apache/httpcomponents/httpcomponents-client/4.3.6/httpcomponents-client-4.3.6.pom
2015-07-16 14:37:25,095 [Worker-363] INFO  o.e.m.c.i.e.AbstractTransferListenerAdapter - Downloaded http://ctg-cache-repo.corp.intuit.net/nexus/content/groups/public/org/apache/httpcomponents/httpcomponents-client/4.3.6/httpcomponents-client-4.3.6.pom
2015-07-16 14:37:25,513 [Worker-363] INFO  o.e.m.c.i.e.AbstractTransferListenerAdapter - Downloading http://ctg-cache-repo.corp.intuit.net/nexus/content/groups/public/org/apache/httpcomponents/httpcore/4.3.3/httpcore-4.3.3.pom
2015-07-16 14:37:25,779 [Worker-363] INFO  o.e.m.c.i.e.AbstractTransferListenerAdapter - Downloaded http://ctg-cache-repo.corp.intuit.net/nexus/content/groups/public/org/apache/httpcomponents/httpcore/4.3.3/httpcore-4.3.3.pom
2015-07-16 14:37:26,103 [Worker-363] INFO  o.e.m.c.i.e.AbstractTransferListenerAdapter - Downloading http://ctg-cache-repo.corp.intuit.net/nexus/content/groups/public/org/apache/httpcomponents/httpcomponents-core/4.3.3/httpcomponents-core-4.3.3.pom
2015-07-16 14:37:26,455 [Worker-363] INFO  o.e.m.c.i.e.AbstractTransferListenerAdapter - Downloaded http://ctg-cache-repo.corp.intuit.net/nexus/content/groups/public/org/apache/httpcomponents/httpcomponents-core/4.3.3/httpcomponents-core-4.3.3.pom
2015-07-16 14:37:26,870 [Worker-363] INFO  o.e.m.c.i.e.AbstractTransferListenerAdapter - Downloading http://ctg-cache-repo.corp.intuit.net/nexus/content/groups/public/org/seleniumhq/selenium/selenium-htmlunit-driver/2.45.0/selenium-htmlunit-driver-2.45.0.pom
2015-07-16 14:37:27,184 [Worker-363] INFO  o.e.m.c.i.e.AbstractTransferListenerAdapter - Downloaded http://ctg-cache-repo.corp.intuit.net/nexus/content/groups/public/org/seleniumhq/selenium/selenium-htmlunit-driver/2.45.0/selenium-htmlunit-driver-2.45.0.pom
2015-07-16 14:37:27,639 [Worker-363] INFO  o.e.m.c.i.e.AbstractTransferListenerAdapter - Downloading http://ctg-cache-repo.corp.intuit.net/nexus/content/groups/public/org/seleniumhq/selenium/selenium-firefox-driver/2.45.0/selenium-firefox-driver-2.45.0.pom
2015-07-16 14:37:27,916 [Worker-363] INFO  o.e.m.c.i.e.AbstractTransferListenerAdapter - Downloaded http://ctg-cache-repo.corp.intuit.net/nexus/content/groups/public/org/seleniumhq/selenium/selenium-firefox-driver/2.45.0/selenium-firefox-driver-2.45.0.pom
2015-07-16 14:37:28,228 [Worker-363] INFO  o.e.m.c.i.e.AbstractTransferListenerAdapter - Downloading http://ctg-cache-repo.corp.intuit.net/nexus/content/groups/public/org/seleniumhq/selenium/selenium-ie-driver/2.45.0/selenium-ie-driver-2.45.0.pom
2015-07-16 14:37:28,542 [Worker-363] INFO  o.e.m.c.i.e.AbstractTransferListenerAdapter - Downloaded http://ctg-cache-repo.corp.intuit.net/nexus/content/groups/public/org/seleniumhq/selenium/selenium-ie-driver/2.45.0/selenium-ie-driver-2.45.0.pom
2015-07-16 14:37:28,854 [Worker-363] INFO  o.e.m.c.i.e.AbstractTransferListenerAdapter - Downloading http://ctg-cache-repo.corp.intuit.net/nexus/content/groups/public/org/seleniumhq/selenium/selenium-safari-driver/2.45.0/selenium-safari-driver-2.45.0.pom
2015-07-16 14:37:29,119 [Worker-363] INFO  o.e.m.c.i.e.AbstractTransferListenerAdapter - Downloaded http://ctg-cache-repo.corp.intuit.net/nexus/content/groups/public/org/seleniumhq/selenium/selenium-safari-driver/2.45.0/selenium-safari-driver-2.45.0.pom
2015-07-16 14:37:29,482 [Worker-363] INFO  o.e.m.c.i.e.AbstractTransferListenerAdapter - Downloading http://ctg-cache-repo.corp.intuit.net/nexus/content/groups/public/org/seleniumhq/selenium/selenium-support/2.45.0/selenium-support-2.45.0.pom
2015-07-16 14:37:29,796 [Worker-363] INFO  o.e.m.c.i.e.AbstractTransferListenerAdapter - Downloaded http://ctg-cache-repo.corp.intuit.net/nexus/content/groups/public/org/seleniumhq/selenium/selenium-support/2.45.0/selenium-support-2.45.0.pom
2015-07-16 14:37:30,167 [Worker-363] INFO  o.e.m.c.i.e.AbstractTransferListenerAdapter - Downloading http://ctg-cache-repo.corp.intuit.net/nexus/content/groups/public/org/seleniumhq/selenium/selenium-leg-rc/2.45.0/selenium-leg-rc-2.45.0.pom
2015-07-16 14:37:30,533 [Worker-363] INFO  o.e.m.c.i.e.AbstractTransferListenerAdapter - Downloaded http://ctg-cache-repo.corp.intuit.net/nexus/content/groups/public/org/seleniumhq/selenium/selenium-leg-rc/2.45.0/selenium-leg-rc-2.45.0.pom
2015-07-16 14:37:30,839 [Worker-363] INFO  o.e.m.c.i.e.AbstractTransferListenerAdapter - Downloading http://ctg-cache-repo.corp.intuit.net/nexus/content/groups/public/org/testng/testng/6.8.21/testng-6.8.21.pom
2015-07-16 14:37:31,154 [Worker-363] INFO  o.e.m.c.i.e.AbstractTransferListenerAdapter - Downloaded http://ctg-cache-repo.corp.intuit.net/nexus/content/groups/public/org/testng/testng/6.8.21/testng-6.8.21.pom
2015-07-16 14:37:31,689 [DefaultMetadataResolver-3-0] INFO  o.e.m.c.i.e.AbstractTransferListenerAdapter - Downloading http://ctg-cache-repo.corp.intuit.net/nexus/content/groups/public/com/intuit/tools/ConfigurationManagement/2.1.1-SNAPSHOT/maven-metadata.xml
2015-07-16 14:37:31,961 [DefaultMetadataResolver-3-1] INFO  o.e.m.c.i.e.AbstractTransferListenerAdapter - Downloaded http://repository-saucelabs.forge.cloudbees.com/release/com/intuit/tools/ConfigurationManagement/2.1.1-SNAPSHOT/maven-metadata.xml
2015-07-16 14:37:31,961 [DefaultMetadataResolver-3-0] INFO  o.e.m.c.i.e.AbstractTransferListenerAdapter - Downloaded http://ctg-cache-repo.corp.intuit.net/nexus/content/groups/public/com/intuit/tools/ConfigurationManagement/2.1.1-SNAPSHOT/maven-metadata.xml
2015-07-16 14:37:32,301 [Worker-363] INFO  o.e.m.c.i.e.AbstractTransferListenerAdapter - Downloading http://ctg-cache-repo.corp.intuit.net/nexus/content/groups/public/com/intuit/tools/ConfigurationManagement/2.1.1-SNAPSHOT/ConfigurationManagement-2.1.1-20150715.070024-177.pom
2015-07-16 14:37:32,616 [Worker-363] INFO  o.e.m.c.i.e.AbstractTransferListenerAdapter - Downloaded http://ctg-cache-repo.corp.intuit.net/nexus/content/groups/public/com/intuit/tools/ConfigurationManagement/2.1.1-SNAPSHOT/ConfigurationManagement-2.1.1-20150715.070024-177.pom
2015-07-16 14:37:33,039 [DefaultMetadataResolver-4-0] INFO  o.e.m.c.i.e.AbstractTransferListenerAdapter - Downloading http://ctg-cache-repo.corp.intuit.net/nexus/content/groups/public/com/intuit/tools/WebDriverBuilder/2.1.1-SNAPSHOT/maven-metadata.xml
2015-07-16 14:37:33,347 [DefaultMetadataResolver-4-0] INFO  o.e.m.c.i.e.AbstractTransferListenerAdapter - Downloaded http://ctg-cache-repo.corp.intuit.net/nexus/content/groups/public/com/intuit/tools/WebDriverBuilder/2.1.1-SNAPSHOT/maven-metadata.xml
2015-07-16 14:37:33,484 [DefaultMetadataResolver-4-1] INFO  o.e.m.c.i.e.AbstractTransferListenerAdapter - Downloaded http://repository-saucelabs.forge.cloudbees.com/release/com/intuit/tools/WebDriverBuilder/2.1.1-SNAPSHOT/maven-metadata.xml
2015-07-16 14:37:33,764 [Worker-363] INFO  o.e.m.c.i.e.AbstractTransferListenerAdapter - Downloading http://ctg-cache-repo.corp.intuit.net/nexus/content/groups/public/com/intuit/tools/WebDriverBuilder/2.1.1-SNAPSHOT/WebDriverBuilder-2.1.1-20150715.113731-170.pom
2015-07-16 14:37:34,084 [Worker-363] INFO  o.e.m.c.i.e.AbstractTransferListenerAdapter - Downloaded http://ctg-cache-repo.corp.intuit.net/nexus/content/groups/public/com/intuit/tools/WebDriverBuilder/2.1.1-SNAPSHOT/WebDriverBuilder-2.1.1-20150715.113731-170.pom
2015-07-16 14:37:34,368 [Worker-363] INFO  o.e.m.c.i.e.AbstractTransferListenerAdapter - Downloading http://ctg-cache-repo.corp.intuit.net/nexus/content/groups/public/org/seleniumhq/selenium/selenium-remote-driver/2.43.1/selenium-remote-driver-2.43.1.pom
2015-07-16 14:37:34,705 [Worker-363] INFO  o.e.m.c.i.e.AbstractTransferListenerAdapter - Downloaded http://ctg-cache-repo.corp.intuit.net/nexus/content/groups/public/org/seleniumhq/selenium/selenium-remote-driver/2.43.1/selenium-remote-driver-2.43.1.pom
2015-07-16 14:37:35,018 [Worker-363] INFO  o.e.m.c.i.e.AbstractTransferListenerAdapter - Downloading http://ctg-cache-repo.corp.intuit.net/nexus/content/groups/public/org/seleniumhq/selenium/selenium-api/2.43.1/selenium-api-2.43.1.pom
2015-07-16 14:37:35,331 [Worker-363] INFO  o.e.m.c.i.e.AbstractTransferListenerAdapter - Downloaded http://ctg-cache-repo.corp.intuit.net/nexus/content/groups/public/org/seleniumhq/selenium/selenium-api/2.43.1/selenium-api-2.43.1.pom
2015-07-16 14:37:35,748 [Worker-363] INFO  o.e.m.c.i.e.AbstractTransferListenerAdapter - Downloading http://ctg-cache-repo.corp.intuit.net/nexus/content/groups/public/org/seleniumhq/selenium/selenium-remote-driver/2.39.0/selenium-remote-driver-2.39.0.pom
2015-07-16 14:37:36,063 [Worker-363] INFO  o.e.m.c.i.e.AbstractTransferListenerAdapter - Downloaded http://ctg-cache-repo.corp.intuit.net/nexus/content/groups/public/org/seleniumhq/selenium/selenium-remote-driver/2.39.0/selenium-remote-driver-2.39.0.pom
2015-07-16 14:37:36,583 [Worker-363] INFO  o.e.m.c.i.e.AbstractTransferListenerAdapter - Downloading http://ctg-cache-repo.corp.intuit.net/nexus/content/groups/public/com/intuit/tools/CommonTestBase/2.1.1-SNAPSHOT/CommonTestBase-2.1.1-20150715.113741-170.jar
2015-07-16 14:37:36,899 [Worker-363] INFO  o.e.m.c.i.e.AbstractTransferListenerAdapter - Downloaded http://ctg-cache-repo.corp.intuit.net/nexus/content/groups/public/com/intuit/tools/CommonTestBase/2.1.1-SNAPSHOT/CommonTestBase-2.1.1-20150715.113741-170.jar
2015-07-16 14:37:37,420 [Worker-363] INFO  o.e.m.c.i.e.AbstractTransferListenerAdapter - Downloading http://ctg-cache-repo.corp.intuit.net/nexus/content/groups/public/com/intuit/tools/CommonUtils/2.1.1-SNAPSHOT/CommonUtils-2.1.1-20150709.113729-166.jar
2015-07-16 14:37:37,733 [Worker-363] INFO  o.e.m.c.i.e.AbstractTransferListenerAdapter - Downloaded http://ctg-cache-repo.corp.intuit.net/nexus/content/groups/public/com/intuit/tools/CommonUtils/2.1.1-SNAPSHOT/CommonUtils-2.1.1-20150709.113729-166.jar
2015-07-16 14:37:38,031 [Worker-363] INFO  o.e.m.c.i.e.AbstractTransferListenerAdapter - Downloading http://ctg-cache-repo.corp.intuit.net/nexus/content/groups/public/org/seleniumhq/selenium/selenium-java/2.45.0/selenium-java-2.45.0.jar
2015-07-16 14:37:38,298 [Worker-363] INFO  o.e.m.c.i.e.AbstractTransferListenerAdapter - Downloaded http://ctg-cache-repo.corp.intuit.net/nexus/content/groups/public/org/seleniumhq/selenium/selenium-java/2.45.0/selenium-java-2.45.0.jar
2015-07-16 14:37:38,617 [Worker-363] INFO  o.e.m.c.i.e.AbstractTransferListenerAdapter - Downloading http://ctg-cache-repo.corp.intuit.net/nexus/content/groups/public/org/seleniumhq/selenium/selenium-chrome-driver/2.45.0/selenium-chrome-driver-2.45.0.jar
2015-07-16 14:37:38,890 [Worker-363] INFO  o.e.m.c.i.e.AbstractTransferListenerAdapter - Downloaded http://ctg-cache-repo.corp.intuit.net/nexus/content/groups/public/org/seleniumhq/selenium/selenium-chrome-driver/2.45.0/selenium-chrome-driver-2.45.0.jar
2015-07-16 14:37:39,228 [Worker-363] INFO  o.e.m.c.i.e.AbstractTransferListenerAdapter - Downloading http://ctg-cache-repo.corp.intuit.net/nexus/content/groups/public/org/seleniumhq/selenium/selenium-htmlunit-driver/2.45.0/selenium-htmlunit-driver-2.45.0.jar
2015-07-16 14:37:39,522 [Worker-363] INFO  o.e.m.c.i.e.AbstractTransferListenerAdapter - Downloaded http://ctg-cache-repo.corp.intuit.net/nexus/content/groups/public/org/seleniumhq/selenium/selenium-htmlunit-driver/2.45.0/selenium-htmlunit-driver-2.45.0.jar
2015-07-16 14:37:39,854 [Worker-363] INFO  o.e.m.c.i.e.AbstractTransferListenerAdapter - Downloading http://ctg-cache-repo.corp.intuit.net/nexus/content/groups/public/org/seleniumhq/selenium/selenium-firefox-driver/2.45.0/selenium-firefox-driver-2.45.0.jar
2015-07-16 14:37:40,561 [Worker-363] INFO  o.e.m.c.i.e.AbstractTransferListenerAdapter - Downloaded http://ctg-cache-repo.corp.intuit.net/nexus/content/groups/public/org/seleniumhq/selenium/selenium-firefox-driver/2.45.0/selenium-firefox-driver-2.45.0.jar
2015-07-16 14:37:40,973 [Worker-363] INFO  o.e.m.c.i.e.AbstractTransferListenerAdapter - Downloading http://ctg-cache-repo.corp.intuit.net/nexus/content/groups/public/org/seleniumhq/selenium/selenium-ie-driver/2.45.0/selenium-ie-driver-2.45.0.jar
2015-07-16 14:37:41,288 [Worker-363] INFO  o.e.m.c.i.e.AbstractTransferListenerAdapter - Downloaded http://ctg-cache-repo.corp.intuit.net/nexus/content/groups/public/org/seleniumhq/selenium/selenium-ie-driver/2.45.0/selenium-ie-driver-2.45.0.jar
2015-07-16 14:37:41,705 [Worker-363] INFO  o.e.m.c.i.e.AbstractTransferListenerAdapter - Downloading http://ctg-cache-repo.corp.intuit.net/nexus/content/groups/public/org/seleniumhq/selenium/selenium-safari-driver/2.45.0/selenium-safari-driver-2.45.0.jar
2015-07-16 14:37:42,721 [Worker-363] INFO  o.e.m.c.i.e.AbstractTransferListenerAdapter - Downloaded http://ctg-cache-repo.corp.intuit.net/nexus/content/groups/public/org/seleniumhq/selenium/selenium-safari-driver/2.45.0/selenium-safari-driver-2.45.0.jar
2015-07-16 14:37:43,012 [Worker-363] INFO  o.e.m.c.i.e.AbstractTransferListenerAdapter - Downloading http://ctg-cache-repo.corp.intuit.net/nexus/content/groups/public/org/seleniumhq/selenium/selenium-support/2.45.0/selenium-support-2.45.0.jar
2015-07-16 14:37:43,380 [Worker-363] INFO  o.e.m.c.i.e.AbstractTransferListenerAdapter - Downloaded http://ctg-cache-repo.corp.intuit.net/nexus/content/groups/public/org/seleniumhq/selenium/selenium-support/2.45.0/selenium-support-2.45.0.jar
2015-07-16 14:37:43,687 [Worker-363] INFO  o.e.m.c.i.e.AbstractTransferListenerAdapter - Downloading http://ctg-cache-repo.corp.intuit.net/nexus/content/groups/public/org/webbitserver/webbit/0.4.14/webbit-0.4.14.jar
2015-07-16 14:37:44,112 [Worker-363] INFO  o.e.m.c.i.e.AbstractTransferListenerAdapter - Downloaded http://ctg-cache-repo.corp.intuit.net/nexus/content/groups/public/org/webbitserver/webbit/0.4.14/webbit-0.4.14.jar
2015-07-16 14:37:44,523 [Worker-363] INFO  o.e.m.c.i.e.AbstractTransferListenerAdapter - Downloading http://ctg-cache-repo.corp.intuit.net/nexus/content/groups/public/io/netty/netty/3.5.2.Final/netty-3.5.2.Final.jar
2015-07-16 14:37:45,463 [Worker-363] INFO  o.e.m.c.i.e.AbstractTransferListenerAdapter - Downloaded http://ctg-cache-repo.corp.intuit.net/nexus/content/groups/public/io/netty/netty/3.5.2.Final/netty-3.5.2.Final.jar
2015-07-16 14:37:45,745 [Worker-363] INFO  o.e.m.c.i.e.AbstractTransferListenerAdapter - Downloading http://ctg-cache-repo.corp.intuit.net/nexus/content/groups/public/org/seleniumhq/selenium/selenium-leg-rc/2.45.0/selenium-leg-rc-2.45.0.jar
2015-07-16 14:37:46,090 [Worker-363] INFO  o.e.m.c.i.e.AbstractTransferListenerAdapter - Downloaded http://ctg-cache-repo.corp.intuit.net/nexus/content/groups/public/org/seleniumhq/selenium/selenium-leg-rc/2.45.0/selenium-leg-rc-2.45.0.jar
2015-07-16 14:37:46,507 [Worker-363] INFO  o.e.m.c.i.e.AbstractTransferListenerAdapter - Downloading http://ctg-cache-repo.corp.intuit.net/nexus/content/groups/public/net/sourceforge/htmlunit/htmlunit/2.15/htmlunit-2.15.jar
2015-07-16 14:37:47,663 [Worker-363] INFO  o.e.m.c.i.e.AbstractTransferListenerAdapter - Downloaded http://ctg-cache-repo.corp.intuit.net/nexus/content/groups/public/net/sourceforge/htmlunit/htmlunit/2.15/htmlunit-2.15.jar
2015-07-16 14:37:48,074 [Worker-363] INFO  o.e.m.c.i.e.AbstractTransferListenerAdapter - Downloading http://ctg-cache-repo.corp.intuit.net/nexus/content/groups/public/xalan/xalan/2.7.1/xalan-2.7.1.jar
2015-07-16 14:37:48,837 [Worker-363] INFO  o.e.m.c.i.e.AbstractTransferListenerAdapter - Downloaded http://ctg-cache-repo.corp.intuit.net/nexus/content/groups/public/xalan/xalan/2.7.1/xalan-2.7.1.jar
2015-07-16 14:37:49,103 [Worker-363] INFO  o.e.m.c.i.e.AbstractTransferListenerAdapter - Downloading http://ctg-cache-repo.corp.intuit.net/nexus/content/groups/public/xalan/serializer/2.7.1/serializer-2.7.1.jar
2015-07-16 14:37:49,445 [Worker-363] INFO  o.e.m.c.i.e.AbstractTransferListenerAdapter - Downloaded http://ctg-cache-repo.corp.intuit.net/nexus/content/groups/public/xalan/serializer/2.7.1/serializer-2.7.1.jar
2015-07-16 14:37:49,743 [Worker-363] INFO  o.e.m.c.i.e.AbstractTransferListenerAdapter - Downloading http://ctg-cache-repo.corp.intuit.net/nexus/content/groups/public/org/apache/commons/commons-lang3/3.3.2/commons-lang3-3.3.2.jar
2015-07-16 14:37:51,315 [Worker-363] INFO  o.e.m.c.i.e.AbstractTransferListenerAdapter - Downloaded http://ctg-cache-repo.corp.intuit.net/nexus/content/groups/public/org/apache/commons/commons-lang3/3.3.2/commons-lang3-3.3.2.jar
2015-07-16 14:37:51,682 [Worker-363] INFO  o.e.m.c.i.e.AbstractTransferListenerAdapter - Downloading http://ctg-cache-repo.corp.intuit.net/nexus/content/groups/public/org/apache/httpcomponents/httpclient/4.3.3/httpclient-4.3.3.jar
2015-07-16 14:37:52,719 [Worker-363] INFO  o.e.m.c.i.e.AbstractTransferListenerAdapter - Downloaded http://ctg-cache-repo.corp.intuit.net/nexus/content/groups/public/org/apache/httpcomponents/httpclient/4.3.3/httpclient-4.3.3.jar
2015-07-16 14:37:53,090 [Worker-363] INFO  o.e.m.c.i.e.AbstractTransferListenerAdapter - Downloading http://ctg-cache-repo.corp.intuit.net/nexus/content/groups/public/org/apache/httpcomponents/httpcore/4.3.2/httpcore-4.3.2.jar
2015-07-16 14:37:53,620 [Worker-363] INFO  o.e.m.c.i.e.AbstractTransferListenerAdapter - Downloaded http://ctg-cache-repo.corp.intuit.net/nexus/content/groups/public/org/apache/httpcomponents/httpcore/4.3.2/httpcore-4.3.2.jar
2015-07-16 14:37:53,951 [Worker-363] INFO  o.e.m.c.i.e.AbstractTransferListenerAdapter - Downloading http://ctg-cache-repo.corp.intuit.net/nexus/content/groups/public/org/apache/httpcomponents/httpmime/4.3.3/httpmime-4.3.3.jar
2015-07-16 14:37:54,232 [Worker-363] INFO  o.e.m.c.i.e.AbstractTransferListenerAdapter - Downloaded http://ctg-cache-repo.corp.intuit.net/nexus/content/groups/public/org/apache/httpcomponents/httpmime/4.3.3/httpmime-4.3.3.jar
2015-07-16 14:37:54,616 [Worker-363] INFO  o.e.m.c.i.e.AbstractTransferListenerAdapter - Downloading http://ctg-cache-repo.corp.intuit.net/nexus/content/groups/public/commons-codec/commons-codec/1.9/commons-codec-1.9.jar
2015-07-16 14:37:55,409 [Worker-363] INFO  o.e.m.c.i.e.AbstractTransferListenerAdapter - Downloaded http://ctg-cache-repo.corp.intuit.net/nexus/content/groups/public/commons-codec/commons-codec/1.9/commons-codec-1.9.jar
2015-07-16 14:37:55,804 [Worker-363] INFO  o.e.m.c.i.e.AbstractTransferListenerAdapter - Downloading http://ctg-cache-repo.corp.intuit.net/nexus/content/groups/public/net/sourceforge/htmlunit/htmlunit-core-js/2.15/htmlunit-core-js-2.15.jar
2015-07-16 14:37:56,333 [Worker-363] INFO  o.e.m.c.i.e.AbstractTransferListenerAdapter - Downloaded http://ctg-cache-repo.corp.intuit.net/nexus/content/groups/public/net/sourceforge/htmlunit/htmlunit-core-js/2.15/htmlunit-core-js-2.15.jar
2015-07-16 14:37:56,649 [Worker-363] INFO  o.e.m.c.i.e.AbstractTransferListenerAdapter - Downloading http://ctg-cache-repo.corp.intuit.net/nexus/content/groups/public/xerces/xercesImpl/2.11.0/xercesImpl-2.11.0.jar
2015-07-16 14:37:57,477 [Worker-363] INFO  o.e.m.c.i.e.AbstractTransferListenerAdapter - Downloaded http://ctg-cache-repo.corp.intuit.net/nexus/content/groups/public/xerces/xercesImpl/2.11.0/xercesImpl-2.11.0.jar
2015-07-16 14:37:57,846 [Worker-363] INFO  o.e.m.c.i.e.AbstractTransferListenerAdapter - Downloading http://ctg-cache-repo.corp.intuit.net/nexus/content/groups/public/xml-apis/xml-apis/1.4.01/xml-apis-1.4.01.jar
2015-07-16 14:37:58,204 [Worker-363] INFO  o.e.m.c.i.e.AbstractTransferListenerAdapter - Downloaded http://ctg-cache-repo.corp.intuit.net/nexus/content/groups/public/xml-apis/xml-apis/1.4.01/xml-apis-1.4.01.jar
2015-07-16 14:37:58,504 [Worker-363] INFO  o.e.m.c.i.e.AbstractTransferListenerAdapter - Downloading http://ctg-cache-repo.corp.intuit.net/nexus/content/groups/public/net/sourceforge/nekohtml/nekohtml/1.9.21/nekohtml-1.9.21.jar
2015-07-16 14:37:58,834 [Worker-363] INFO  o.e.m.c.i.e.AbstractTransferListenerAdapter - Downloaded http://ctg-cache-repo.corp.intuit.net/nexus/content/groups/public/net/sourceforge/nekohtml/nekohtml/1.9.21/nekohtml-1.9.21.jar
2015-07-16 14:37:59,117 [Worker-363] INFO  o.e.m.c.i.e.AbstractTransferListenerAdapter - Downloading http://ctg-cache-repo.corp.intuit.net/nexus/content/groups/public/net/sourceforge/cssparser/cssparser/0.9.14/cssparser-0.9.14.jar
2015-07-16 14:37:59,671 [Worker-363] INFO  o.e.m.c.i.e.AbstractTransferListenerAdapter - Downloaded http://ctg-cache-repo.corp.intuit.net/nexus/content/groups/public/net/sourceforge/cssparser/cssparser/0.9.14/cssparser-0.9.14.jar
2015-07-16 14:37:59,951 [Worker-363] INFO  o.e.m.c.i.e.AbstractTransferListenerAdapter - Downloading http://ctg-cache-repo.corp.intuit.net/nexus/content/groups/public/org/w3c/css/sac/1.3/sac-1.3.jar
2015-07-16 14:38:00,298 [Worker-363] INFO  o.e.m.c.i.e.AbstractTransferListenerAdapter - Downloaded http://ctg-cache-repo.corp.intuit.net/nexus/content/groups/public/org/w3c/css/sac/1.3/sac-1.3.jar
2015-07-16 14:38:00,609 [Worker-363] INFO  o.e.m.c.i.e.AbstractTransferListenerAdapter - Downloading http://ctg-cache-repo.corp.intuit.net/nexus/content/groups/public/commons-logging/commons-logging/1.1.3/commons-logging-1.1.3.jar
2015-07-16 14:38:00,894 [Worker-363] INFO  o.e.m.c.i.e.AbstractTransferListenerAdapter - Downloaded http://ctg-cache-repo.corp.intuit.net/nexus/content/groups/public/commons-logging/commons-logging/1.1.3/commons-logging-1.1.3.jar
2015-07-16 14:38:01,193 [Worker-363] INFO  o.e.m.c.i.e.AbstractTransferListenerAdapter - Downloading http://ctg-cache-repo.corp.intuit.net/nexus/content/groups/public/org/eclipse/jetty/jetty-websocket/8.1.15.v20140411/jetty-websocket-8.1.15.v20140411.jar
2015-07-16 14:38:01,556 [Worker-363] INFO  o.e.m.c.i.e.AbstractTransferListenerAdapter - Downloaded http://ctg-cache-repo.corp.intuit.net/nexus/content/groups/public/org/eclipse/jetty/jetty-websocket/8.1.15.v20140411/jetty-websocket-8.1.15.v20140411.jar
2015-07-16 14:38:01,856 [Worker-363] INFO  o.e.m.c.i.e.AbstractTransferListenerAdapter - Downloading http://ctg-cache-repo.corp.intuit.net/nexus/content/groups/public/org/eclipse/jetty/jetty-util/8.1.15.v20140411/jetty-util-8.1.15.v20140411.jar
2015-07-16 14:38:02,197 [Worker-363] INFO  o.e.m.c.i.e.AbstractTransferListenerAdapter - Downloaded http://ctg-cache-repo.corp.intuit.net/nexus/content/groups/public/org/eclipse/jetty/jetty-util/8.1.15.v20140411/jetty-util-8.1.15.v20140411.jar
2015-07-16 14:38:02,561 [Worker-363] INFO  o.e.m.c.i.e.AbstractTransferListenerAdapter - Downloading http://ctg-cache-repo.corp.intuit.net/nexus/content/groups/public/org/eclipse/jetty/jetty-io/8.1.15.v20140411/jetty-io-8.1.15.v20140411.jar
2015-07-16 14:38:02,934 [Worker-363] INFO  o.e.m.c.i.e.AbstractTransferListenerAdapter - Downloaded http://ctg-cache-repo.corp.intuit.net/nexus/content/groups/public/org/eclipse/jetty/jetty-io/8.1.15.v20140411/jetty-io-8.1.15.v20140411.jar
2015-07-16 14:38:03,247 [Worker-363] INFO  o.e.m.c.i.e.AbstractTransferListenerAdapter - Downloading http://ctg-cache-repo.corp.intuit.net/nexus/content/groups/public/org/eclipse/jetty/jetty-http/8.1.15.v20140411/jetty-http-8.1.15.v20140411.jar
2015-07-16 14:38:03,584 [Worker-363] INFO  o.e.m.c.i.e.AbstractTransferListenerAdapter - Downloaded http://ctg-cache-repo.corp.intuit.net/nexus/content/groups/public/org/eclipse/jetty/jetty-http/8.1.15.v20140411/jetty-http-8.1.15.v20140411.jar
2015-07-16 14:38:03,951 [Worker-363] INFO  o.e.m.c.i.e.AbstractTransferListenerAdapter - Downloading http://ctg-cache-repo.corp.intuit.net/nexus/content/groups/public/org/testng/testng/6.8.21/testng-6.8.21.jar
2015-07-16 14:38:05,938 [Worker-363] INFO  o.e.m.c.i.e.AbstractTransferListenerAdapter - Downloaded http://ctg-cache-repo.corp.intuit.net/nexus/content/groups/public/org/testng/testng/6.8.21/testng-6.8.21.jar
2015-07-16 14:38:06,276 [Worker-363] INFO  o.e.m.c.i.e.AbstractTransferListenerAdapter - Downloading http://ctg-cache-repo.corp.intuit.net/nexus/content/groups/public/com/beust/jcommander/1.27/jcommander-1.27.jar
2015-07-16 14:38:06,674 [Worker-363] INFO  o.e.m.c.i.e.AbstractTransferListenerAdapter - Downloaded http://ctg-cache-repo.corp.intuit.net/nexus/content/groups/public/com/beust/jcommander/1.27/jcommander-1.27.jar
2015-07-16 14:38:06,980 [Worker-363] INFO  o.e.m.c.i.e.AbstractTransferListenerAdapter - Downloading http://ctg-cache-repo.corp.intuit.net/nexus/content/groups/public/log4j/log4j/1.2.17/log4j-1.2.17.jar
2015-07-16 14:38:07,569 [Worker-363] INFO  o.e.m.c.i.e.AbstractTransferListenerAdapter - Downloaded http://ctg-cache-repo.corp.intuit.net/nexus/content/groups/public/log4j/log4j/1.2.17/log4j-1.2.17.jar
2015-07-16 14:38:07,926 [Worker-363] INFO  o.e.m.c.i.e.AbstractTransferListenerAdapter - Downloading http://ctg-cache-repo.corp.intuit.net/nexus/content/groups/public/org/hamcrest/hamcrest-all/1.3/hamcrest-all-1.3.jar
2015-07-16 14:38:08,349 [Worker-363] INFO  o.e.m.c.i.e.AbstractTransferListenerAdapter - Downloaded http://ctg-cache-repo.corp.intuit.net/nexus/content/groups/public/org/hamcrest/hamcrest-all/1.3/hamcrest-all-1.3.jar
2015-07-16 14:38:08,656 [Worker-363] INFO  o.e.m.c.i.e.AbstractTransferListenerAdapter - Downloading http://ctg-cache-repo.corp.intuit.net/nexus/content/groups/public/org/json/json/20140107/json-20140107.jar
2015-07-16 14:38:08,966 [Worker-363] INFO  o.e.m.c.i.e.AbstractTransferListenerAdapter - Downloaded http://ctg-cache-repo.corp.intuit.net/nexus/content/groups/public/org/json/json/20140107/json-20140107.jar
2015-07-16 14:38:09,278 [Worker-363] INFO  o.e.m.c.i.e.AbstractTransferListenerAdapter - Downloading http://ctg-cache-repo.corp.intuit.net/nexus/content/groups/public/com/intuit/tools/ConfigurationManagement/2.1.1-SNAPSHOT/ConfigurationManagement-2.1.1-20150715.070024-177.jar
2015-07-16 14:38:09,589 [Worker-363] INFO  o.e.m.c.i.e.AbstractTransferListenerAdapter - Downloaded http://ctg-cache-repo.corp.intuit.net/nexus/content/groups/public/com/intuit/tools/ConfigurationManagement/2.1.1-SNAPSHOT/ConfigurationManagement-2.1.1-20150715.070024-177.jar
2015-07-16 14:38:09,857 [Worker-363] INFO  o.e.m.c.i.e.AbstractTransferListenerAdapter - Downloading http://ctg-cache-repo.corp.intuit.net/nexus/content/groups/public/org/slf4j/slf4j-api/1.6.6/slf4j-api-1.6.6.jar
2015-07-16 14:38:10,147 [Worker-363] INFO  o.e.m.c.i.e.AbstractTransferListenerAdapter - Downloaded http://ctg-cache-repo.corp.intuit.net/nexus/content/groups/public/org/slf4j/slf4j-api/1.6.6/slf4j-api-1.6.6.jar
2015-07-16 14:38:10,444 [Worker-363] INFO  o.e.m.c.i.e.AbstractTransferListenerAdapter - Downloading http://ctg-cache-repo.corp.intuit.net/nexus/content/groups/public/org/slf4j/slf4j-log4j12/1.6.6/slf4j-log4j12-1.6.6.jar
2015-07-16 14:38:10,741 [Worker-363] INFO  o.e.m.c.i.e.AbstractTransferListenerAdapter - Downloaded http://ctg-cache-repo.corp.intuit.net/nexus/content/groups/public/org/slf4j/slf4j-log4j12/1.6.6/slf4j-log4j12-1.6.6.jar
2015-07-16 14:38:11,054 [Worker-363] INFO  o.e.m.c.i.e.AbstractTransferListenerAdapter - Downloading http://ctg-cache-repo.corp.intuit.net/nexus/content/groups/public/com/intuit/tools/WebDriverBuilder/2.1.1-SNAPSHOT/WebDriverBuilder-2.1.1-20150715.113731-170.jar
2015-07-16 14:38:11,369 [Worker-363] INFO  o.e.m.c.i.e.AbstractTransferListenerAdapter - Downloaded http://ctg-cache-repo.corp.intuit.net/nexus/content/groups/public/com/intuit/tools/WebDriverBuilder/2.1.1-SNAPSHOT/WebDriverBuilder-2.1.1-20150715.113731-170.jar
2015-07-16 14:38:11,734 [Worker-363] INFO  o.e.m.c.i.e.AbstractTransferListenerAdapter - Downloading http://ctg-cache-repo.corp.intuit.net/nexus/content/groups/public/io/appium/java-client/2.0.0/java-client-2.0.0.jar
2015-07-16 14:38:12,101 [Worker-363] INFO  o.e.m.c.i.e.AbstractTransferListenerAdapter - Downloaded http://ctg-cache-repo.corp.intuit.net/nexus/content/groups/public/io/appium/java-client/2.0.0/java-client-2.0.0.jar
2015-07-16 14:38:12,412 [Worker-363] INFO  o.e.m.c.i.e.AbstractTransferListenerAdapter - Downloading http://ctg-cache-repo.corp.intuit.net/nexus/content/groups/public/com/google/code/gson/gson/2.2.4/gson-2.2.4.jar
2015-07-16 14:38:12,838 [Worker-363] INFO  o.e.m.c.i.e.AbstractTransferListenerAdapter - Downloaded http://ctg-cache-repo.corp.intuit.net/nexus/content/groups/public/com/google/code/gson/gson/2.2.4/gson-2.2.4.jar
2015-07-16 14:38:13,144 [Worker-363] INFO  o.e.m.c.i.e.AbstractTransferListenerAdapter - Downloading http://ctg-cache-repo.corp.intuit.net/nexus/content/groups/public/junit/junit/4.11/junit-4.11.jar
2015-07-16 14:38:13,568 [Worker-363] INFO  o.e.m.c.i.e.AbstractTransferListenerAdapter - Downloaded http://ctg-cache-repo.corp.intuit.net/nexus/content/groups/public/junit/junit/4.11/junit-4.11.jar
2015-07-16 14:38:13,874 [Worker-363] INFO  o.e.m.c.i.e.AbstractTransferListenerAdapter - Downloading http://ctg-cache-repo.corp.intuit.net/nexus/content/groups/public/org/hamcrest/hamcrest-core/1.3/hamcrest-core-1.3.jar
2015-07-16 14:38:14,189 [Worker-363] INFO  o.e.m.c.i.e.AbstractTransferListenerAdapter - Downloaded http://ctg-cache-repo.corp.intuit.net/nexus/content/groups/public/org/hamcrest/hamcrest-core/1.3/hamcrest-core-1.3.jar
2015-07-16 14:38:14,605 [Worker-363] INFO  o.e.m.c.i.e.AbstractTransferListenerAdapter - Downloading http://ctg-cache-repo.corp.intuit.net/nexus/content/groups/public/com/google/guava/guava/17.0/guava-17.0.jar
2015-07-16 14:38:17,283 [Worker-363] INFO  o.e.m.c.i.e.AbstractTransferListenerAdapter - Downloaded http://ctg-cache-repo.corp.intuit.net/nexus/content/groups/public/com/google/guava/guava/17.0/guava-17.0.jar
2015-07-16 14:38:17,739 [Worker-363] INFO  o.e.m.c.i.e.AbstractTransferListenerAdapter - Downloading http://ctg-cache-repo.corp.intuit.net/nexus/content/groups/public/cglib/cglib/3.1/cglib-3.1.jar
2015-07-16 14:38:18,074 [Worker-363] INFO  o.e.m.c.i.e.AbstractTransferListenerAdapter - Downloaded http://ctg-cache-repo.corp.intuit.net/nexus/content/groups/public/cglib/cglib/3.1/cglib-3.1.jar
2015-07-16 14:38:18,466 [Worker-363] INFO  o.e.m.c.i.e.AbstractTransferListenerAdapter - Downloading http://ctg-cache-repo.corp.intuit.net/nexus/content/groups/public/org/ow2/asm/asm/4.2/asm-4.2.jar
2015-07-16 14:38:18,763 [Worker-363] INFO  o.e.m.c.i.e.AbstractTransferListenerAdapter - Downloaded http://ctg-cache-repo.corp.intuit.net/nexus/content/groups/public/org/ow2/asm/asm/4.2/asm-4.2.jar
2015-07-16 14:38:19,238 [Worker-363] INFO  o.e.m.c.i.e.AbstractTransferListenerAdapter - Downloading http://ctg-cache-repo.corp.intuit.net/nexus/content/groups/public/org/reflections/reflections/0.9.8/reflections-0.9.8.jar
2015-07-16 14:38:19,542 [Worker-363] INFO  o.e.m.c.i.e.AbstractTransferListenerAdapter - Downloaded http://ctg-cache-repo.corp.intuit.net/nexus/content/groups/public/org/reflections/reflections/0.9.8/reflections-0.9.8.jar
2015-07-16 14:38:19,910 [Worker-363] INFO  o.e.m.c.i.e.AbstractTransferListenerAdapter - Downloading http://ctg-cache-repo.corp.intuit.net/nexus/content/groups/public/javassist/javassist/3.12.1.GA/javassist-3.12.1.GA.jar
2015-07-16 14:38:20,351 [Worker-363] INFO  o.e.m.c.i.e.AbstractTransferListenerAdapter - Downloaded http://ctg-cache-repo.corp.intuit.net/nexus/content/groups/public/javassist/javassist/3.12.1.GA/javassist-3.12.1.GA.jar
2015-07-16 14:38:20,769 [Worker-363] INFO  o.e.m.c.i.e.AbstractTransferListenerAdapter - Downloading http://ctg-cache-repo.corp.intuit.net/nexus/content/groups/public/org/seleniumhq/selenium/selenium-remote-driver/2.45.0/selenium-remote-driver-2.45.0.jar
2015-07-16 14:38:21,196 [Worker-363] INFO  o.e.m.c.i.e.AbstractTransferListenerAdapter - Downloaded http://ctg-cache-repo.corp.intuit.net/nexus/content/groups/public/org/seleniumhq/selenium/selenium-remote-driver/2.45.0/selenium-remote-driver-2.45.0.jar
2015-07-16 14:38:21,459 [Worker-363] INFO  o.e.m.c.i.e.AbstractTransferListenerAdapter - Downloading http://ctg-cache-repo.corp.intuit.net/nexus/content/groups/public/cglib/cglib-nodep/2.1_3/cglib-nodep-2.1_3.jar
2015-07-16 14:38:21,924 [Worker-363] INFO  o.e.m.c.i.e.AbstractTransferListenerAdapter - Downloaded http://ctg-cache-repo.corp.intuit.net/nexus/content/groups/public/cglib/cglib-nodep/2.1_3/cglib-nodep-2.1_3.jar
2015-07-16 14:38:22,340 [Worker-363] INFO  o.e.m.c.i.e.AbstractTransferListenerAdapter - Downloading http://ctg-cache-repo.corp.intuit.net/nexus/content/groups/public/org/seleniumhq/selenium/selenium-api/2.45.0/selenium-api-2.45.0.jar
2015-07-16 14:38:22,649 [Worker-363] INFO  o.e.m.c.i.e.AbstractTransferListenerAdapter - Downloaded http://ctg-cache-repo.corp.intuit.net/nexus/content/groups/public/org/seleniumhq/selenium/selenium-api/2.45.0/selenium-api-2.45.0.jar
2015-07-16 14:38:22,914 [Worker-363] INFO  o.e.m.c.i.e.AbstractTransferListenerAdapter - Downloading http://ctg-cache-repo.corp.intuit.net/nexus/content/groups/public/org/apache/commons/commons-exec/1.1/commons-exec-1.1.jar
2015-07-16 14:38:23,203 [Worker-363] INFO  o.e.m.c.i.e.AbstractTransferListenerAdapter - Downloaded http://ctg-cache-repo.corp.intuit.net/nexus/content/groups/public/org/apache/commons/commons-exec/1.1/commons-exec-1.1.jar
2015-07-16 14:38:23,590 [Worker-363] INFO  o.e.m.c.i.e.AbstractTransferListenerAdapter - Downloading http://ctg-cache-repo.corp.intuit.net/nexus/content/groups/public/net/java/dev/jna/jna/3.4.0/jna-3.4.0.jar
2015-07-16 14:38:24,011 [Worker-363] INFO  o.e.m.c.i.e.AbstractTransferListenerAdapter - Downloaded http://ctg-cache-repo.corp.intuit.net/nexus/content/groups/public/net/java/dev/jna/jna/3.4.0/jna-3.4.0.jar
2015-07-16 14:38:24,277 [Worker-363] INFO  o.e.m.c.i.e.AbstractTransferListenerAdapter - Downloading http://ctg-cache-repo.corp.intuit.net/nexus/content/groups/public/net/java/dev/jna/platform/3.4.0/platform-3.4.0.jar
2015-07-16 14:38:24,780 [Worker-363] INFO  o.e.m.c.i.e.AbstractTransferListenerAdapter - Downloaded http://ctg-cache-repo.corp.intuit.net/nexus/content/groups/public/net/java/dev/jna/platform/3.4.0/platform-3.4.0.jar
2015-07-16 14:38:25,045 [Worker-363] INFO  o.e.m.c.i.e.AbstractTransferListenerAdapter - Downloading http://ctg-cache-repo.corp.intuit.net/nexus/content/groups/public/com/github/detro/ghostdriver/phantomjsdriver/1.1.0/phantomjsdriver-1.1.0.jar
2015-07-16 14:38:25,313 [Worker-363] INFO  o.e.m.c.i.e.AbstractTransferListenerAdapter - Downloaded http://ctg-cache-repo.corp.intuit.net/nexus/content/groups/public/com/github/detro/ghostdriver/phantomjsdriver/1.1.0/phantomjsdriver-1.1.0.jar
2015-07-16 14:38:25,580 [Worker-363] INFO  o.e.m.c.i.e.AbstractTransferListenerAdapter - Downloading http://ctg-cache-repo.corp.intuit.net/nexus/content/groups/public/org/seleniumhq/selenium/selenium-server/2.39.0/selenium-server-2.39.0.jar
2015-07-16 14:38:35,067 [Worker-363] INFO  o.e.m.c.i.e.AbstractTransferListenerAdapter - Downloaded http://ctg-cache-repo.corp.intuit.net/nexus/content/groups/public/org/seleniumhq/selenium/selenium-server/2.39.0/selenium-server-2.39.0.jar
2015-07-16 14:38:35,393 [Worker-363] INFO  o.e.m.c.i.e.AbstractTransferListenerAdapter - Downloading http://ctg-cache-repo.corp.intuit.net/nexus/content/groups/public/mx4j/mx4j-tools/3.0.1/mx4j-tools-3.0.1.jar
2015-07-16 14:38:35,773 [Worker-363] INFO  o.e.m.c.i.e.AbstractTransferListenerAdapter - Downloaded http://ctg-cache-repo.corp.intuit.net/nexus/content/groups/public/mx4j/mx4j-tools/3.0.1/mx4j-tools-3.0.1.jar
2015-07-16 14:38:36,125 [Worker-363] INFO  o.e.m.c.i.e.AbstractTransferListenerAdapter - Downloading http://ctg-cache-repo.corp.intuit.net/nexus/content/groups/public/org/mortbay/jetty/servlet-api-2.5/6.1.9/servlet-api-2.5-6.1.9.jar
2015-07-16 14:38:36,438 [Worker-363] INFO  o.e.m.c.i.e.AbstractTransferListenerAdapter - Downloaded http://ctg-cache-repo.corp.intuit.net/nexus/content/groups/public/org/mortbay/jetty/servlet-api-2.5/6.1.9/servlet-api-2.5-6.1.9.jar
2015-07-16 14:38:36,750 [Worker-363] INFO  o.e.m.c.i.e.AbstractTransferListenerAdapter - Downloading http://ctg-cache-repo.corp.intuit.net/nexus/content/groups/public/org/seleniumhq/selenium/jetty-repacked/7.6.1/jetty-repacked-7.6.1.jar
2015-07-16 14:38:36,888 [Worker-368] INFO  o.e.m.i.launch.MavenLaunchDelegate - /Users/mponnusamy/martini-cli/HelloWeb
2015-07-16 14:38:36,889 [Worker-368] INFO  o.e.m.i.launch.MavenLaunchDelegate -  mvn  -B test
2015-07-16 14:38:37,900 [Worker-363] INFO  o.e.m.c.i.e.AbstractTransferListenerAdapter - Downloaded http://ctg-cache-repo.corp.intuit.net/nexus/content/groups/public/org/seleniumhq/selenium/jetty-repacked/7.6.1/jetty-repacked-7.6.1.jar
2015-07-16 14:38:38,216 [Worker-363] INFO  o.e.m.c.i.e.AbstractTransferListenerAdapter - Downloading http://ctg-cache-repo.corp.intuit.net/nexus/content/groups/public/net/jcip/jcip-annotations/1.0/jcip-annotations-1.0.jar
2015-07-16 14:38:38,481 [Worker-363] INFO  o.e.m.c.i.e.AbstractTransferListenerAdapter - Downloaded http://ctg-cache-repo.corp.intuit.net/nexus/content/groups/public/net/jcip/jcip-annotations/1.0/jcip-annotations-1.0.jar
2015-07-16 14:38:38,839 [Worker-363] INFO  o.e.m.c.i.e.AbstractTransferListenerAdapter - Downloading http://ctg-cache-repo.corp.intuit.net/nexus/content/groups/public/org/yaml/snakeyaml/1.8/snakeyaml-1.8.jar
2015-07-16 14:38:39,258 [Worker-363] INFO  o.e.m.c.i.e.AbstractTransferListenerAdapter - Downloaded http://ctg-cache-repo.corp.intuit.net/nexus/content/groups/public/org/yaml/snakeyaml/1.8/snakeyaml-1.8.jar
2015-07-16 14:38:39,675 [Worker-363] INFO  o.e.m.c.i.e.AbstractTransferListenerAdapter - Downloading http://ctg-cache-repo.corp.intuit.net/nexus/content/groups/public/com/googlecode/json-simple/json-simple/1.1.1/json-simple-1.1.1.jar
2015-07-16 14:38:39,952 [Worker-363] INFO  o.e.m.c.i.e.AbstractTransferListenerAdapter - Downloaded http://ctg-cache-repo.corp.intuit.net/nexus/content/groups/public/com/googlecode/json-simple/json-simple/1.1.1/json-simple-1.1.1.jar
2015-07-16 14:38:44,088 [Worker-363] INFO  o.e.m.c.i.e.AbstractTransferListenerAdapter - Downloading https://repo.maven.apache.org/maven2/org/apache/maven/surefire/surefire/2.18/surefire-2.18.pom
2015-07-16 14:38:44,424 [Worker-363] INFO  o.e.m.c.i.e.AbstractTransferListenerAdapter - Downloaded https://repo.maven.apache.org/maven2/org/apache/maven/surefire/surefire/2.18/surefire-2.18.pom
2015-07-16 14:38:44,749 [Worker-363] INFO  o.e.m.c.i.e.AbstractTransferListenerAdapter - Downloading https://repo.maven.apache.org/maven2/org/apache/maven/maven-parent/25/maven-parent-25.pom
2015-07-16 14:38:45,427 [Worker-363] INFO  o.e.m.c.i.e.AbstractTransferListenerAdapter - Downloaded https://repo.maven.apache.org/maven2/org/apache/maven/maven-parent/25/maven-parent-25.pom
2015-07-16 14:38:47,300 [Worker-363] INFO  o.e.m.c.i.e.AbstractTransferListenerAdapter - Downloading https://repo.maven.apache.org/maven2/org/apache/apache/15/apache-15.pom
2015-07-16 14:38:47,718 [Worker-363] INFO  o.e.m.c.i.e.AbstractTransferListenerAdapter - Downloaded https://repo.maven.apache.org/maven2/org/apache/apache/15/apache-15.pom
2015-07-16 14:38:48,188 [Worker-363] INFO  o.e.m.j.i.AbstractJavaProjectConfigurator - Adding source folder /HelloWeb-tests/src/main/java
2015-07-16 14:38:48,188 [Worker-363] INFO  o.e.m.j.i.AbstractJavaProjectConfigurator - Adding resource folder /HelloWeb-tests/src/main/resources
2015-07-16 14:38:48,190 [Worker-363] INFO  o.e.m.j.i.AbstractJavaProjectConfigurator - Adding source folder /HelloWeb-tests/src/test/java
2015-07-16 14:38:48,324 [Worker-363] INFO  o.e.m.c.i.p.ProjectConfigurationManager - Imported and configured 1 project(s) in 110 sec
2015-07-16 14:38:49,317 [Worker-363] INFO  o.e.m.c.i.embedder.EclipseLogger - Using 'UTF-8' encoding to copy filtered resources.
2015-07-16 14:38:49,323 [Worker-363] INFO  o.e.m.c.i.embedder.EclipseLogger - Copying 4 resources
2015-07-16 14:38:49,328 [Worker-363] INFO  o.e.m.c.i.embedder.EclipseLogger - Using 'UTF-8' encoding to copy filtered resources.
2015-07-16 14:38:49,329 [Worker-363] INFO  o.e.m.c.i.embedder.EclipseLogger - skip non existing resourceDirectory /Users/mponnusamy/martini-cli/HelloWeb/src/test/resources
2015-07-16 14:41:03,527 [Worker-369] INFO  o.e.m.c.i.embedder.EclipseLogger - Using 'UTF-8' encoding to copy filtered resources.
2015-07-16 14:41:03,531 [Worker-369] INFO  o.e.m.c.i.embedder.EclipseLogger - Copying 4 resources
2015-07-16 14:41:03,533 [Worker-369] INFO  o.e.m.c.i.embedder.EclipseLogger - Using 'UTF-8' encoding to copy filtered resources.
2015-07-16 14:41:03,533 [Worker-369] INFO  o.e.m.c.i.embedder.EclipseLogger - skip non existing resourceDirectory /Users/mponnusamy/martini-cli/HelloWeb/src/test/resources
2015-07-16 14:52:55,675 [main] INFO  o.e.m2e.actions.ExecutePomAction - Creating new launch configuration
2015-07-16 14:53:02,190 [Worker-368] INFO  o.e.m.i.launch.MavenLaunchDelegate - /Users/mponnusamy/martini-cli/HelloWeb
2015-07-16 14:53:02,191 [Worker-368] INFO  o.e.m.i.launch.MavenLaunchDelegate -  mvn  -B 
2015-07-16 14:53:27,562 [Worker-368] INFO  o.e.m.i.launch.MavenLaunchDelegate - /Users/mponnusamy/martini-cli/HelloWeb
2015-07-16 14:53:27,563 [Worker-368] INFO  o.e.m.i.launch.MavenLaunchDelegate -  mvn  -B mvn -Dgrid=local test
2015-07-16 14:53:54,532 [Worker-366] INFO  o.e.m.i.launch.MavenLaunchDelegate - /Users/mponnusamy/martini-cli/HelloWeb
2015-07-16 14:53:54,532 [Worker-366] INFO  o.e.m.i.launch.MavenLaunchDelegate -  mvn  -B test
2015-07-16 14:54:54,009 [Worker-375] INFO  o.e.m.c.i.embedder.EclipseLogger - Using 'UTF-8' encoding to copy filtered resources.
2015-07-16 14:54:54,010 [Worker-375] INFO  o.e.m.c.i.embedder.EclipseLogger - Copying 4 resources
2015-07-16 14:54:54,012 [Worker-375] INFO  o.e.m.c.i.embedder.EclipseLogger - Using 'UTF-8' encoding to copy filtered resources.
2015-07-16 14:54:54,012 [Worker-375] INFO  o.e.m.c.i.embedder.EclipseLogger - skip non existing resourceDirectory /Users/mponnusamy/martini-cli/HelloWeb/src/test/resources
2015-07-17 13:57:42,375 [Worker-2] INFO  o.e.m.c.i.embedder.EclipseLogger - Using 'UTF-8' encoding to copy filtered resources.
2015-07-17 13:57:42,382 [Worker-2] INFO  o.e.m.c.i.embedder.EclipseLogger - Copying 4 resources
2015-07-17 13:57:42,389 [Worker-2] INFO  o.e.m.c.i.embedder.EclipseLogger - Using 'UTF-8' encoding to copy filtered resources.
2015-07-17 13:57:42,389 [Worker-2] INFO  o.e.m.c.i.embedder.EclipseLogger - skip non existing resourceDirectory /Users/mponnusamy/martini-cli/HelloWeb/src/test/resources
2015-07-21 12:33:42,405 [Worker-16] INFO  o.e.m.c.i.embedder.EclipseLogger - Using 'UTF-8' encoding to copy filtered resources.
2015-07-21 12:33:42,413 [Worker-16] INFO  o.e.m.c.i.embedder.EclipseLogger - Copying 4 resources
2015-07-21 12:33:42,421 [Worker-16] INFO  o.e.m.c.i.embedder.EclipseLogger - Using 'UTF-8' encoding to copy filtered resources.
2015-07-21 12:33:42,421 [Worker-16] INFO  o.e.m.c.i.embedder.EclipseLogger - skip non existing resourceDirectory /Users/mponnusamy/martini-cli/HelloWeb/src/test/resources
